-------------------------------------------------------------------------------
Test set: TestSuite
-------------------------------------------------------------------------------
Tests run: 5, Failures: 1, Errors: 0, Skipped: 0, Time elapsed: 75.215 s <<< FAILURE! - in TestSuite
Academy.validateTitle.validateHeader  Time elapsed: 0.001 s  <<< FAILURE!
java.lang.NullPointerException
	at Academy.validateTitle.validateHeader(validateTitle.java:49)

