<?xml version="1.0" encoding="UTF-8"?>
<testsuite xmlns:xsi="http://www.w3.org/2001/XMLSchema-instance" xsi:noNamespaceSchemaLocation="https://maven.apache.org/surefire/maven-surefire-plugin/xsd/surefire-test-report-3.0.xsd" version="3.0" name="TestSuite" time="75.215" tests="5" errors="0" skipped="0" failures="1">
  <properties>
[...]
</properties>
  <testcase name="basePageNavigation" classname="Academy.homePage" time="10.821"/>
  <testcase name="basePageNavigation" classname="Academy.homePage" time="19.047"/>
  <testcase name="basePageNavigation" classname="Academy.validateNavBar" time="0.191"/>
  <testcase name="validateHeader" classname="Academy.validateTitle" time="0.001">
    <failure type="java.lang.NullPointerException"><![CDATA[java.lang.NullPointerException
	at Academy.validateTitle.validateHeader(validateTitle.java:49)
]]></failure>
    <system-out><![CDATA[08:22:39.815 [main] INFO  resources.base - Driver is initialized
08:22:45.596 [main] INFO  resources.base - Navigated to home page
]]></system-out>
    <system-err><![CDATA[Starting ChromeDriver 81.0.4044.69 (6813546031a4bc83f717a2ef7cd4ac6ec1199132-refs/branch-heads/4044@{#776}) on port 5597
Only local connections are allowed.
Please protect ports used by ChromeDriver and related test frameworks to prevent access by malicious code.
May 05, 2020 8:22:39 AM org.openqa.selenium.remote.ProtocolHandshake createSession
INFO: Detected dialect: W3C
[1588684962.313][SEVERE]: Timed out receiving message from renderer: 0.100
[1588684962.416][SEVERE]: Timed out receiving message from renderer: 0.100
[1588684962.528][SEVERE]: Timed out receiving message from renderer: 0.100
[1588684962.800][SEVERE]: Timed out receiving message from renderer: 0.100
[1588684962.906][SEVERE]: Timed out receiving message from renderer: 0.100
[1588684963.011][SEVERE]: Timed out receiving message from renderer: 0.100
[1588684963.118][SEVERE]: Timed out receiving message from renderer: 0.100
[1588684963.220][SEVERE]: Timed out receiving message from renderer: 0.100
[1588684963.325][SEVERE]: Timed out receiving message from renderer: 0.100
[1588684963.429][SEVERE]: Timed out receiving message from renderer: 0.100
[1588684963.536][SEVERE]: Timed out receiving message from renderer: 0.100
[1588684963.639][SEVERE]: Timed out receiving message from renderer: 0.100
[1588684963.744][SEVERE]: Timed out receiving message from renderer: 0.100
[1588684964.912][SEVERE]: Timed out receiving message from renderer: 0.100
[1588684965.180][SEVERE]: Timed out receiving message from renderer: 0.100
[1588684965.501][SEVERE]: Timed out receiving message from renderer: 0.100
]]></system-err>
  </testcase>
  <testcase name="validateTitle" classname="Academy.validateTitle" time="0.353"/>
</testsuite>