<?xml version="1.0" encoding="UTF-8"?>
<testng-results total="5" passed="4" failed="1" skipped="0">
  <reporter-output>
  </reporter-output>
  <suite started-at="2020-05-05T13:21:38Z" name="Suite" finished-at="2020-05-05T13:22:49Z" duration-ms="71470">
    <groups>
    </groups>
    <test started-at="2020-05-05T13:21:38Z" name="App testing" finished-at="2020-05-05T13:21:38Z" duration-ms="6">
    </test> <!-- App testing -->
    <test started-at="2020-05-05T13:21:38Z" name="Home page" finished-at="2020-05-05T13:22:22Z" duration-ms="43795">
      <class name="Academy.homePage">
        <test-method is-config="true" signature="intial()[pri:0, instance:Academy.homePage@60a2630a]" started-at="2020-05-05T08:21:38Z" name="intial" finished-at="2020-05-05T08:21:51Z" duration-ms="13277" status="PASS">
          <reporter-output>
          </reporter-output>
        </test-method> <!-- intial -->
        <test-method signature="basePageNavigation(java.lang.String, java.lang.String, java.lang.String)[pri:0, instance:Academy.homePage@60a2630a]" started-at="2020-05-05T08:21:51Z" name="basePageNavigation" data-provider="getData" finished-at="2020-05-05T08:22:02Z" duration-ms="10784" status="PASS">
          <params>
            <param index="0">
              <value>
                <![CDATA[nonrestrictedstudent@gmail.com]]>
              </value>
            </param>
            <param index="1">
              <value>
                <![CDATA[12345]]>
              </value>
            </param>
            <param index="2">
              <value>
                <![CDATA[Restricted User]]>
              </value>
            </param>
          </params>
          <reporter-output>
          </reporter-output>
        </test-method> <!-- basePageNavigation -->
        <test-method signature="basePageNavigation(java.lang.String, java.lang.String, java.lang.String)[pri:0, instance:Academy.homePage@60a2630a]" started-at="2020-05-05T08:22:02Z" name="basePageNavigation" data-provider="getData" finished-at="2020-05-05T08:22:21Z" duration-ms="19075" status="PASS">
          <params>
            <param index="0">
              <value>
                <![CDATA[restrictedstudent@gmail.com]]>
              </value>
            </param>
            <param index="1">
              <value>
                <![CDATA[67890]]>
              </value>
            </param>
            <param index="2">
              <value>
                <![CDATA[Non Restricted User]]>
              </value>
            </param>
          </params>
          <reporter-output>
          </reporter-output>
        </test-method> <!-- basePageNavigation -->
        <test-method is-config="true" signature="closeWindow()[pri:0, instance:Academy.homePage@60a2630a]" started-at="2020-05-05T08:22:21Z" name="closeWindow" finished-at="2020-05-05T08:22:22Z" duration-ms="646" status="PASS">
          <reporter-output>
          </reporter-output>
        </test-method> <!-- closeWindow -->
      </class> <!-- Academy.homePage -->
    </test> <!-- Home page -->
    <test started-at="2020-05-05T13:22:22Z" name="Validate navigation bar is present or not" finished-at="2020-05-05T13:22:36Z" duration-ms="14622">
      <class name="Academy.validateNavBar">
        <test-method is-config="true" signature="intial()[pri:0, instance:Academy.validateNavBar@73163d48]" started-at="2020-05-05T08:22:22Z" name="intial" finished-at="2020-05-05T08:22:34Z" duration-ms="12091" status="PASS">
          <reporter-output>
          </reporter-output>
        </test-method> <!-- intial -->
        <test-method signature="basePageNavigation()[pri:0, instance:Academy.validateNavBar@73163d48]" started-at="2020-05-05T08:22:34Z" name="basePageNavigation" finished-at="2020-05-05T08:22:34Z" duration-ms="144" status="PASS">
          <reporter-output>
          </reporter-output>
        </test-method> <!-- basePageNavigation -->
        <test-method is-config="true" signature="closeWindow()[pri:0, instance:Academy.validateNavBar@73163d48]" started-at="2020-05-05T08:22:34Z" name="closeWindow" finished-at="2020-05-05T08:22:36Z" duration-ms="2279" status="PASS">
          <reporter-output>
          </reporter-output>
        </test-method> <!-- closeWindow -->
      </class> <!-- Academy.validateNavBar -->
    </test> <!-- Validate navigation bar is present or not -->
    <test started-at="2020-05-05T13:22:36Z" name="Validating title in a page" finished-at="2020-05-05T13:22:49Z" duration-ms="12934">
      <class name="Academy.validateTitle">
        <test-method is-config="true" signature="intial()[pri:0, instance:Academy.validateTitle@65b3a85a]" started-at="2020-05-05T08:22:36Z" name="intial" finished-at="2020-05-05T08:22:45Z" duration-ms="8830" status="PASS">
          <reporter-output>
          </reporter-output>
        </test-method> <!-- intial -->
        <test-method signature="validateHeader()[pri:0, instance:Academy.validateTitle@65b3a85a]" started-at="2020-05-05T08:22:45Z" name="validateHeader" finished-at="2020-05-05T08:22:45Z" duration-ms="0" status="FAIL">
          <exception class="java.lang.NullPointerException">
            <full-stacktrace>
              <![CDATA[java.lang.NullPointerException
	at Academy.validateTitle.validateHeader(validateTitle.java:49)
	at java.base/jdk.internal.reflect.NativeMethodAccessorImpl.invoke0(Native Method)
	at java.base/jdk.internal.reflect.NativeMethodAccessorImpl.invoke(NativeMethodAccessorImpl.java:62)
	at java.base/jdk.internal.reflect.DelegatingMethodAccessorImpl.invoke(DelegatingMethodAccessorImpl.java:43)
	at java.base/java.lang.reflect.Method.invoke(Method.java:567)
	at org.testng.internal.MethodInvocationHelper.invokeMethod(MethodInvocationHelper.java:80)
	at org.testng.internal.Invoker.invokeMethod(Invoker.java:714)
	at org.testng.internal.Invoker.invokeTestMethod(Invoker.java:901)
	at org.testng.internal.Invoker.invokeTestMethods(Invoker.java:1231)
	at org.testng.internal.TestMethodWorker.invokeTestMethods(TestMethodWorker.java:127)
	at org.testng.internal.TestMethodWorker.run(TestMethodWorker.java:111)
	at org.testng.TestRunner.privateRun(TestRunner.java:767)
	at org.testng.TestRunner.run(TestRunner.java:617)
	at org.testng.SuiteRunner.runTest(SuiteRunner.java:334)
	at org.testng.SuiteRunner.runSequentially(SuiteRunner.java:329)
	at org.testng.SuiteRunner.privateRun(SuiteRunner.java:291)
	at org.testng.SuiteRunner.run(SuiteRunner.java:240)
	at org.testng.SuiteRunnerWorker.runSuite(SuiteRunnerWorker.java:52)
	at org.testng.SuiteRunnerWorker.run(SuiteRunnerWorker.java:86)
	at org.testng.TestNG.runSuitesSequentially(TestNG.java:1198)
	at org.testng.TestNG.runSuitesLocally(TestNG.java:1123)
	at org.testng.TestNG.run(TestNG.java:1031)
	at org.apache.maven.surefire.testng.TestNGExecutor.run(TestNGExecutor.java:283)
	at org.apache.maven.surefire.testng.TestNGXmlTestSuite.execute(TestNGXmlTestSuite.java:75)
	at org.apache.maven.surefire.testng.TestNGProvider.invoke(TestNGProvider.java:120)
	at org.apache.maven.surefire.booter.ForkedBooter.runSuitesInProcess(ForkedBooter.java:377)
	at org.apache.maven.surefire.booter.ForkedBooter.execute(ForkedBooter.java:138)
	at org.apache.maven.surefire.booter.ForkedBooter.run(ForkedBooter.java:465)
	at org.apache.maven.surefire.booter.ForkedBooter.main(ForkedBooter.java:451)
]]>
            </full-stacktrace>
          </exception> <!-- java.lang.NullPointerException -->
          <reporter-output>
          </reporter-output>
        </test-method> <!-- validateHeader -->
        <test-method signature="validateTitle()[pri:0, instance:Academy.validateTitle@65b3a85a]" started-at="2020-05-05T08:22:47Z" name="validateTitle" finished-at="2020-05-05T08:22:47Z" duration-ms="218" status="PASS">
          <reporter-output>
          </reporter-output>
        </test-method> <!-- validateTitle -->
        <test-method is-config="true" signature="closeWindow()[pri:0, instance:Academy.validateTitle@65b3a85a]" started-at="2020-05-05T08:22:47Z" name="closeWindow" finished-at="2020-05-05T08:22:49Z" duration-ms="2161" status="PASS">
          <reporter-output>
          </reporter-output>
        </test-method> <!-- closeWindow -->
      </class> <!-- Academy.validateTitle -->
    </test> <!-- Validating title in a page -->
  </suite> <!-- Suite -->
</testng-results>
