<?xml version="1.0" encoding="UTF-8"?>
<testng-results skipped="0" failed="0" ignored="0" total="1" passed="1">
  <reporter-output>
  </reporter-output>
  <suite name="Command line suite" duration-ms="29" started-at="2020-04-29T09:33:30 CDT" finished-at="2020-04-29T09:33:30 CDT">
    <groups>
    </groups>
    <test name="Command line test" duration-ms="29" started-at="2020-04-29T09:33:30 CDT" finished-at="2020-04-29T09:33:30 CDT">
      <class name="qaclickacademy.AppTest">
        <test-method status="PASS" signature="testApp()[pri:0, instance:testApp(qaclickacademy.AppTest)]" name="testApp" duration-ms="5" started-at="2020-04-29T09:33:30 CDT" finished-at="2020-04-29T09:33:30 CDT">
          <reporter-output>
          </reporter-output>
        </test-method> <!-- testApp -->
      </class> <!-- qaclickacademy.AppTest -->
    </test> <!-- Command line test -->
  </suite> <!-- Command line suite -->
</testng-results>
