<?xml version="1.0" encoding="UTF-8"?>
<!-- Generated by org.testng.reporters.JUnitXMLReporter -->
<testsuite ignored="0" hostname="L5CG73030Z4" failures="0" tests="4" name="Test" time="70.109" errors="0" timestamp="2020-05-01T17:56:31 CDT">
  <testcase classname="Academy.homePage" name="basePageNavigation" time="22.743"/>
  <testcase classname="Academy.homePage" name="basePageNavigation" time="23.031"/>
  <testcase classname="Academy.validateNavBar" name="basePageNavigation" time="0.079"/>
  <testcase classname="Academy.validateTitle" name="basePageNavigation" time="0.059"/>
</testsuite> <!-- Test -->
