<?xml version="1.0" encoding="UTF-8"?>
<!-- Generated by org.testng.reporters.JUnitXMLReporter -->
<testsuite ignored="0" hostname="L5CG73030Z4" failures="0" tests="2" name="Validating title in a page" time="0.031" errors="0" timestamp="2020-05-05T08:23:49 CDT">
  <testcase classname="Academy.validateTitle" name="@BeforeTest intial" time="0.001">
    <failure type="java.lang.NullPointerException">
      <![CDATA[java.lang.NullPointerException
at resources.base.initializeDrive(base.java:38)
at Academy.validateTitle.intial(validateTitle.java:25)
... Removed 24 stack frames]]>
    </failure>
  </testcase> <!-- @BeforeTest intial -->
  <testcase classname="Academy.validateTitle" name="@AfterTest closeWindow" time="-1.588685029411E9">
    <skipped/>
  </testcase> <!-- @AfterTest closeWindow -->
  <testcase classname="Academy.validateTitle" name="validateHeader" time="0.0">
    <skipped/>
  </testcase> <!-- validateHeader -->
  <testcase classname="Academy.validateTitle" name="validateTitle" time="0.0">
    <skipped/>
  </testcase> <!-- validateTitle -->
</testsuite> <!-- Validating title in a page -->
