<?xml version="1.0" encoding="UTF-8"?>
<testng-results skipped="0" failed="0" ignored="0" total="0" passed="0">
  <reporter-output>
  </reporter-output>
  <suite name="Command line suite" duration-ms="13" started-at="2020-04-29T09:33:30 CDT" finished-at="2020-04-29T09:33:30 CDT">
    <groups>
    </groups>
    <test name="Command line test" duration-ms="13" started-at="2020-04-29T09:33:30 CDT" finished-at="2020-04-29T09:33:30 CDT">
    </test> <!-- Command line test -->
  </suite> <!-- Command line suite -->
</testng-results>
