<?xml version="1.0" encoding="UTF-8"?>
<!-- Generated by org.testng.reporters.JUnitXMLReporter -->
<testsuite hostname="L5CG73030Z4" ignored="0" name="Test" tests="4" failures="0" timestamp="2020-04-29T11:27:52 CDT" time="0.06" errors="0">
  <testcase name="IOSApps" time="0.006" classname="qaclickacademy.AppiumTest"/>
  <testcase name="nativeAppAndroid" time="0.0" classname="qaclickacademy.AppiumTest"/>
  <testcase name="BrowserAutomation" time="0.0" classname="qaclickacademy.SeleniumTest"/>
  <testcase name="elementTest" time="0.001" classname="qaclickacademy.SeleniumTest"/>
</testsuite> <!-- Test -->
