<?xml version="1.0" encoding="UTF-8"?>
<testng-results skipped="0" failed="0" ignored="0" total="4" passed="4">
  <reporter-output>
  </reporter-output>
  <suite name="Suite" duration-ms="60" started-at="2020-04-29T11:27:52 CDT" finished-at="2020-04-29T11:27:52 CDT">
    <groups>
    </groups>
    <test name="Test" duration-ms="60" started-at="2020-04-29T11:27:52 CDT" finished-at="2020-04-29T11:27:52 CDT">
      <class name="qaclickacademy.AppiumTest">
        <test-method status="PASS" signature="IOSApps()[pri:0, instance:qaclickacademy.AppiumTest@20398b7c]" name="IOSApps" duration-ms="6" started-at="2020-04-29T11:27:52 CDT" finished-at="2020-04-29T11:27:52 CDT">
          <reporter-output>
          </reporter-output>
        </test-method> <!-- IOSApps -->
        <test-method status="PASS" signature="nativeAppAndroid()[pri:0, instance:qaclickacademy.AppiumTest@20398b7c]" name="nativeAppAndroid" duration-ms="0" started-at="2020-04-29T11:27:52 CDT" finished-at="2020-04-29T11:27:52 CDT">
          <reporter-output>
          </reporter-output>
        </test-method> <!-- nativeAppAndroid -->
      </class> <!-- qaclickacademy.AppiumTest -->
      <class name="qaclickacademy.SeleniumTest">
        <test-method status="PASS" signature="BrowserAutomation()[pri:0, instance:qaclickacademy.SeleniumTest@6fc6f14e]" name="BrowserAutomation" duration-ms="0" started-at="2020-04-29T11:27:52 CDT" finished-at="2020-04-29T11:27:52 CDT">
          <reporter-output>
          </reporter-output>
        </test-method> <!-- BrowserAutomation -->
        <test-method status="PASS" signature="elementTest()[pri:0, instance:qaclickacademy.SeleniumTest@6fc6f14e]" name="elementTest" duration-ms="1" started-at="2020-04-29T11:27:52 CDT" finished-at="2020-04-29T11:27:52 CDT">
          <reporter-output>
          </reporter-output>
        </test-method> <!-- elementTest -->
      </class> <!-- qaclickacademy.SeleniumTest -->
    </test> <!-- Test -->
  </suite> <!-- Suite -->
</testng-results>
