<?xml version="1.0" encoding="UTF-8"?>
<!-- Generated by org.testng.reporters.JUnitXMLReporter -->
<testsuite hostname="L5CG73030Z4" name="Test" tests="4" failures="0" timestamp="2 May 2020 15:35:31 GMT" time="82.62" errors="0">
  <testcase name="basePageNavigation" time="23.876" classname="Academy.homePage"/>
  <testcase name="basePageNavigation" time="12.445" classname="Academy.homePage"/>
  <testcase name="basePageNavigation" time="0.176" classname="Academy.validateNavBar"/>
  <testcase name="basePageNavigation" time="0.834" classname="Academy.validateTitle"/>
</testsuite> <!-- Test -->
